<?xml version="1.0" encoding="UTF-8"?>
<!-- Generated by org.testng.reporters.JUnitXMLReporter -->
<testsuite hostname="ATMECSINDT-015" name="TestNG Test0" tests="3" failures="0" timestamp="20 Jun 2017 12:46:16 GMT" time="62.252" errors="0">
  <testcase name="testLogin on [TestScript1 passed=0 failed=0 skipped=0]" time="12.434" classname="com.atmecs.xls.XlsReading.module.TestScript1"/>
  <testcase name="testLogin on [TestScript1 passed=0 failed=0 skipped=0]" time="12.178" classname="com.atmecs.xls.XlsReading.module.TestScript1"/>
  <testcase name="testLogin on [TestScript1 passed=0 failed=0 skipped=0]" time="12.283" classname="com.atmecs.xls.XlsReading.module.TestScript1"/>
</testsuite> <!-- TestNG Test0 -->
