<?xml version="1.0" encoding="UTF-8"?>
<!-- Generated by org.testng.reporters.JUnitXMLReporter -->
<testsuite hostname="ATMECSINDT-015" name="TestNG Test1" tests="3" failures="0" timestamp="7 Jun 2017 12:09:16 GMT" time="85.305" errors="0">
  <testcase name="testLogin on [TestScript1 passed=0 failed=0 skipped=0]" time="12.488" classname="com.atmecs.xls.XlsReading.module.TestScript1"/>
  <testcase name="testLogin on [TestScript1 passed=0 failed=0 skipped=0]" time="12.241" classname="com.atmecs.xls.XlsReading.module.TestScript1"/>
  <testcase name="testLogin on [TestScript1 passed=0 failed=0 skipped=0]" time="12.527" classname="com.atmecs.xls.XlsReading.module.TestScript1"/>
</testsuite> <!-- TestNG Test1 -->
